0 info it worked if it ends with ok
1 verbose cli [ '/usr/bin/nodejs', '/usr/bin/npm', 'start' ]
2 info using npm@1.2.18
3 info using node@v0.10.15
4 verbose read json /projects/BuzzBuddy/package.json
5 verbose run-script [ 'prestart', 'start', 'poststart' ]
6 info prestart buzzbuddy@0.1.0
7 info start buzzbuddy@0.1.0
8 verbose unsafe-perm in lifecycle true
9 silly exec sh "-c" "node index.js"
10 silly sh,-c,node index.js,/projects/BuzzBuddy spawning
11 info buzzbuddy@0.1.0 Failed to exec start script
12 error buzzbuddy@0.1.0 start: `node index.js`
12 error `sh "-c" "node index.js"` failed with 1
13 error Failed at the buzzbuddy@0.1.0 start script.
13 error This is most likely a problem with the buzzbuddy package,
13 error not with npm itself.
13 error Tell the author that this fails on your system:
13 error     node index.js
13 error You can get their info via:
13 error     npm owner ls buzzbuddy
13 error There is likely additional logging output above.
14 error System Linux 3.11.0-15-generic
15 error command "/usr/bin/nodejs" "/usr/bin/npm" "start"
16 error cwd /projects/BuzzBuddy
17 error node -v v0.10.15
18 error npm -v 1.2.18
19 error code ELIFECYCLE
20 verbose exit [ 1, true ]
